Diagnose log at 2026-07-15T14:01:19Z

AppPath: C:\Program Files\Git\mingw64\bin\git-credential-manager.exe
InstallDir: C:\Program Files\Git\mingw64\bin\
Version: 2.7.3+5fa7116896c82164996a609accd1c5ad90fe730a

------------
Diagnostic: Environment
Skipped: False
Success: True
Exception: None
Log:
OSType: Windows
OSVersion: 10.0 (build 26200)
Reading environment variables... OK
 Variables:
OneDriveConsumer=C:\Users\achal\OneDrive
ProgramFiles(x86)=C:\Program Files (x86)
MSYSTEM=MINGW64
ProgramW6432=C:\Program Files
ChocolateyInstall=C:\ProgramData\chocolatey
PROCESSOR_IDENTIFIER=Intel64 Family 6 Model 140 Stepping 1, GenuineIntel
TMP=C:\Users\achal\AppData\Local\Temp
PROCESSOR_ARCHITECTURE=AMD64
EFC_10020_4126798990=1
PATHEXT=.COM;.EXE;.BAT;.CMD;.VBS;.VBE;.JS;.JSE;.WSF;.WSH;.MSC;.PY;.PYW;.CPL
HOMEPATH=\Users\achal
USERPROFILE=C:\Users\achal
PROCESSOR_REVISION=8c01
TMPDIR=C:\Users\achal\AppData\Local\Temp
ChocolateyLastPathUpdate=134283917804252117
FPS_BROWSER_APP_PROFILE_STRING=Internet Explorer
FPS_BROWSER_USER_PROFILE_STRING=Default
LOGONSERVER=\\DESKTOP-9L6Q3EU
TEMP=C:\Users\achal\AppData\Local\Temp
USERNAME=achal
SystemRoot=C:\WINDOWS
CHROME_CRASHPAD_PIPE_NAME=\\.\pipe\crashpad_17160_XJRJZOEZQRTPZDLD
GIT_EXEC_PATH=C:/Program Files/Git/mingw64/libexec/git-core
PLINK_PROTOCOL=ssh
OneDrive=C:\Users\achal\OneDrive
USERDOMAIN_ROAMINGPROFILE=DESKTOP-9L6Q3EU
CommonProgramFiles=C:\Program Files\Common Files
ZES_ENABLE_SYSMAN=1
VSCODE_PYTHON_AUTOACTIVATE_GUARD=1
EFC_10020_1262719628=1
ProgramData=C:\ProgramData
LANG=en_US.UTF-8
IntelliJ IDEA=C:\Program Files\JetBrains\IntelliJ IDEA 2026.1.3\bin
COMPUTERNAME=DESKTOP-9L6Q3EU
EFC_10020_3789132940=1
VSCODE_INJECTION=1
ALLUSERSPROFILE=C:\ProgramData
CommonProgramW6432=C:\Program Files\Common Files
NUMBER_OF_PROCESSORS=8
TERM=xterm-256color
EFC_10020_2283032206=1
SESSIONNAME=Console
EFC_10020_2946480783=1
DriverData=C:\Windows\System32\Drivers\DriverData
EFC_10020_2775293581=1
windir=C:\WINDOWS
GIT_TRACE2_PARENT_SID=2f9773ae-dc92-44f5-af37-9fb06bfb2cb5
SystemDrive=C:
NVM_HOME=C:\Users\achal\AppData\Local\nvm
OS=Windows_NT
ProgramFiles=C:\Program Files
ComSpec=C:\WINDOWS\system32\cmd.exe
HOMEDRIVE=C:
HOME=C:\Users\achal
PSModulePath=C:\Users\achal\OneDrive\Pictures\Documents\WindowsPowerShell\Modules;C:\Program Files\WindowsPowerShell\Modules;C:\WINDOWS\system32\WindowsPowerShell\v1.0\Modules
NVM_SYMLINK=C:\nvm4w\nodejs
APPDATA=C:\Users\achal\AppData\Roaming
USERDOMAIN=DESKTOP-9L6Q3EU
PROCESSOR_LEVEL=6
Path=C:/Program Files/Git/mingw64/libexec/git-core;C:\Program Files\Git\mingw64\bin;C:\Program Files\Git\usr\bin;C:\Users\achal\bin;C:\Program Files\Eclipse Adoptium\jdk-17.0.19.10-hotspot\bin;C:\Python314\Scripts\;C:\Python314\;C:\WINDOWS\system32;C:\WINDOWS;C:\WINDOWS\System32\Wbem;C:\WINDOWS\System32\WindowsPowerShell\v1.0\;C:\WINDOWS\System32\OpenSSH\;C:\Program Files\GitHub CLI\;C:\ProgramData\chocolatey\bin;C:\Program Files\Git\cmd;C:\Users\achal\AppData\Local\nvm;C:\nvm4w\nodejs;C:\ProgramData\chocolatey\lib\maven\apache-maven-3.9.16\bin;C:\Program Files\Eclipse Adoptium\jdk-17.0.19.10-hotspot\bin;C:\Python314\Scripts\;C:\Python314\;C:\WINDOWS\system32;C:\WINDOWS;C:\WINDOWS\System32\Wbem;C:\WINDOWS\System32\WindowsPowerShell\v1.0\;C:\WINDOWS\System32\OpenSSH\;C:\Program Files\GitHub CLI\;C:\ProgramData\chocolatey\bin;C:\Program Files\Git\cmd;C:\Users\achal\AppData\Local\Microsoft\WindowsApps;C:\Users\achal\AppData\Local\Programs\Microsoft VS Code\bin;C:\Program Files\Git\cmd;C:\Users\achal\AppData\Roaming\npm;C:\Program Files\JetBrains\IntelliJ IDEA 2026.1.3\bin;E:\flutter_windows_3.44.2-stable\flutter\bin;C:\Users\achal\AppData\Local\Pub\Cache\bin;C:\Users\achal\AppData\Local\nvm;C:\nvm4w\nodejs;
LOCALAPPDATA=C:\Users\achal\AppData\Local
TERM_PROGRAM_VERSION=1.128.0
CommonProgramFiles(x86)=C:\Program Files (x86)\Common Files
COLORTERM=truecolor
PUBLIC=C:\Users\Public
TERM_PROGRAM=vscode
EFC_10020_1592913036=1


------------
Diagnostic: File system
Skipped: False
Success: True
Exception: None
Log:
Temporary directory is 'C:\Users\achal\AppData\Local\Temp\'...
Checking basic file I/O...
Writing to temporary file 'C:\Users\achal\AppData\Local\Temp\bc0447298d6fb3a0ca8cac2a'... OK
Reading from temporary file 'C:\Users\achal\AppData\Local\Temp\bc0447298d6fb3a0ca8cac2a'... OK
Deleting temporary file 'C:\Users\achal\AppData\Local\Temp\bc0447298d6fb3a0ca8cac2a'... OK
Testing IFileSystem instance...
UserHomePath: C:\Users\achal
UserDataDirectoryPath: C:\Users\achal\.gcm
GetCurrentDirectory(): E:\Atlantic-AI-CRM

------------
Diagnostic: Networking
Skipped: False
Success: True
Exception: None
Log:
Checking networking and HTTP stack...
Creating HTTP client... OK
IsNetworkAvailable: True
Sending HEAD request to http://example.com...Sending HEAD request to https://example.com... OK
 OK
Acquiring free TCP port... OK
Testing local HTTP loopback connections...
Creating new HTTP listener for http://localhost:50831/... OK
Waiting for loopback connection... OK
Writing response... OK
Waiting for response data... OK
Loopback connection data OK

------------
Diagnostic: Git
Skipped: False
Success: True
Exception: None
Log:
Getting Git version... OK
Git version is '2.54.0.windows.1'
Locating current repository...Git repository at 'E:/Atlantic-AI-CRM/.git'
 OK
Listing all Git configuration... OK
Git configuration:
file:C:/Program Files/Git/etc/gitconfig	diff.astextplain.textconv=astextplain
file:C:/Program Files/Git/etc/gitconfig	filter.lfs.clean=git-lfs clean -- %f
file:C:/Program Files/Git/etc/gitconfig	filter.lfs.smudge=git-lfs smudge -- %f
file:C:/Program Files/Git/etc/gitconfig	filter.lfs.process=git-lfs filter-process
file:C:/Program Files/Git/etc/gitconfig	filter.lfs.required=true
file:C:/Program Files/Git/etc/gitconfig	http.sslbackend=schannel
file:C:/Program Files/Git/etc/gitconfig	core.autocrlf=true
file:C:/Program Files/Git/etc/gitconfig	core.fscache=true
file:C:/Program Files/Git/etc/gitconfig	core.symlinks=false
file:C:/Program Files/Git/etc/gitconfig	pull.rebase=false
file:C:/Program Files/Git/etc/gitconfig	credential.helper=manager
file:C:/Program Files/Git/etc/gitconfig	credential.https://dev.azure.com.usehttppath=true
file:C:/Program Files/Git/etc/gitconfig	init.defaultbranch=master
file:C:/Users/achal/.gitconfig	safe.directory=E:/flygulf/flygulf2026
file:C:/Users/achal/.gitconfig	safe.directory=E:/flygulf/flygulf2026
file:C:/Users/achal/.gitconfig	user.email=achal.shinde65@gmail.com
file:C:/Users/achal/.gitconfig	user.name=achal1104
file:C:/Users/achal/.gitconfig	http.postbuffer=524288000
file:.git/config	core.repositoryformatversion=0
file:.git/config	core.filemode=false
file:.git/config	core.bare=false
file:.git/config	core.logallrefupdates=true
file:.git/config	core.symlinks=false
file:.git/config	core.ignorecase=true
file:.git/config	remote.origin.url=https://github.com/achal1104/atlantic-crm.git
file:.git/config	remote.origin.fetch=+refs/heads/*:refs/remotes/origin/*


------------
Diagnostic: Credential storage
Skipped: False
Success: True
Exception: None
Log:
ICredentialStore instance is of type: CredentialStore
Writing test credential... OK
Reading test credential... OK
Deleting test credential... OK

------------
Diagnostic: Microsoft authentication (AAD/MSA)
Skipped: False
Success: True
Exception: None
Log:
Broker is not enabled.
Flow type is: Auto
Gathering MSAL token cache data... OK
CacheDirectory: C:\Users\achal\AppData\Local\.IdentityService
CacheFileName: msal.cache
CacheFilePath: C:\Users\achal\AppData\Local\.IdentityService\msal.cache
Creating cache helper... OK
Verifying MSAL token cache persistence... OK

------------
Diagnostic: GitHub API
Skipped: False
Success: True
Exception: None
Log:
Using 'https://github.com/' as API target.
Querying '/meta' endpoint... OK

